[2019-07-23 14:18:35.264] [INFO] pomelo - [32m[E:\game\game-server\node_modules\pomelo\lib\application.js] [39mapplication inited: "auth-server"
[2019-07-23 14:26:11.063] [INFO] pomelo - [32m[E:\game\game-server\node_modules\pomelo\lib\application.js] [39mapplication inited: "auth-server"
[2019-07-23 14:33:57.915] [INFO] pomelo - [32m[E:\game\game-server\node_modules\pomelo\lib\application.js] [39mapplication inited: "auth-server"
[2019-07-23 14:33:58.579] [INFO] pomelo - [32m[E:\game\game-server\node_modules\pomelo\lib\application.js] [39m"auth-server" enter after start...
[2019-07-23 14:33:58.579] [INFO] pomelo - [32m[E:\game\game-server\node_modules\pomelo\lib\application.js] [39m"auth-server" finish start
[2019-07-23 14:33:58.579] [INFO] pomelo - [32m[E:\game\game-server\node_modules\pomelo\lib\application.js] [39m"auth-server" startup in 429 ms
[2019-07-23 14:35:51.936] [WARN] pomelo - [33m[E:\game\game-server\app\mysql\adb\accountDB.js] [39mpUid is 1
[2019-07-23 14:35:51.964] [DEBUG] pomelo - [36m[E:\game\game-server\app\mysql\adb\accountDB.js] [39merr is {}, results is undefined, fields is undefined
[2019-07-23 14:35:51.964] [ERROR] pomelo - [31m[E:\game\game-server\app\mysql\adb\accountDB.js] [39mError: ER_ACCESS_DENIED_ERROR: Access denied for user 'root'@'localhost' (using password: NO)
[2019-07-23 14:37:06.907] [WARN] pomelo - [33m[E:\game\game-server\app\mysql\adb\accountDB.js] [39mpUid is 1
[2019-07-23 14:37:06.911] [DEBUG] pomelo - [36m[E:\game\game-server\app\mysql\adb\accountDB.js] [39merr is {}, results is undefined, fields is undefined
[2019-07-23 14:37:06.912] [ERROR] pomelo - [31m[E:\game\game-server\app\mysql\adb\accountDB.js] [39mError: ER_ACCESS_DENIED_ERROR: Access denied for user 'root'@'localhost' (using password: NO)
[2019-07-23 14:37:13.313] [WARN] pomelo - [33m[E:\game\game-server\app\mysql\adb\accountDB.js] [39mpUid is 1
[2019-07-23 14:37:13.316] [DEBUG] pomelo - [36m[E:\game\game-server\app\mysql\adb\accountDB.js] [39merr is {}, results is undefined, fields is undefined
[2019-07-23 14:37:13.316] [ERROR] pomelo - [31m[E:\game\game-server\app\mysql\adb\accountDB.js] [39mError: ER_ACCESS_DENIED_ERROR: Access denied for user 'root'@'localhost' (using password: NO)
[2019-07-23 14:39:04.250] [INFO] pomelo - [32m[E:\game\game-server\node_modules\pomelo\lib\application.js] [39mapplication inited: "auth-server"
[2019-07-23 14:39:05.186] [INFO] pomelo - [32m[E:\game\game-server\node_modules\pomelo\lib\application.js] [39m"auth-server" enter after start...
[2019-07-23 14:39:05.188] [INFO] pomelo - [32m[E:\game\game-server\node_modules\pomelo\lib\application.js] [39m"auth-server" finish start
[2019-07-23 14:39:05.188] [INFO] pomelo - [32m[E:\game\game-server\node_modules\pomelo\lib\application.js] [39m"auth-server" startup in 557 ms
[2019-07-23 14:39:23.259] [WARN] pomelo - [33m[E:\game\game-server\app\mysql\adb\accountDB.js] [39mpUid is 1
[2019-07-23 14:39:23.268] [DEBUG] pomelo - [36m[E:\game\game-server\app\mysql\adb\accountDB.js] [39merr is {}, results is undefined, fields is undefined
[2019-07-23 14:39:23.268] [ERROR] pomelo - [31m[E:\game\game-server\app\mysql\adb\accountDB.js] [39mError: ER_ACCESS_DENIED_ERROR: Access denied for user 'root'@'localhost' (using password: NO)
[2019-07-23 14:43:54.724] [WARN] pomelo - [33m[E:\game\game-server\app\mysql\adb\accountDB.js] [39mpUid is 1
[2019-07-23 14:43:54.729] [DEBUG] pomelo - [36m[E:\game\game-server\app\mysql\adb\accountDB.js] [39merr is {}, results is undefined, fields is undefined
[2019-07-23 14:43:54.729] [ERROR] pomelo - [31m[E:\game\game-server\app\mysql\adb\accountDB.js] [39mError: ER_ACCESS_DENIED_ERROR: Access denied for user 'root'@'localhost' (using password: NO)
[2019-07-23 14:44:04.475] [INFO] pomelo - [32m[E:\game\game-server\node_modules\pomelo\lib\application.js] [39mapplication inited: "auth-server"
[2019-07-23 14:44:05.822] [INFO] pomelo - [32m[E:\game\game-server\node_modules\pomelo\lib\application.js] [39m"auth-server" enter after start...
[2019-07-23 14:44:05.823] [INFO] pomelo - [32m[E:\game\game-server\node_modules\pomelo\lib\application.js] [39m"auth-server" finish start
[2019-07-23 14:44:05.823] [INFO] pomelo - [32m[E:\game\game-server\node_modules\pomelo\lib\application.js] [39m"auth-server" startup in 731 ms
[2019-07-23 14:44:05.891] [DEBUG] pomelo - [36m[E:\game\game-server\node_modules\pomelo\lib\modules\monitorwatcher.js] [39m[auth-server] receive addServer signal: {"action":"addServer","server":{"main":"E:\\game\\game-server\\app.js","env":"development","id":"area-server-5","host":"127.0.0.1","port":6005,"areaId":5,"serverType":"area","pid":5236}}
[2019-07-23 14:44:06.034] [DEBUG] pomelo - [36m[E:\game\game-server\node_modules\pomelo\lib\modules\monitorwatcher.js] [39m[auth-server] receive addServer signal: {"action":"addServer","server":{"main":"E:\\game\\game-server\\app.js","env":"development","id":"area-server-4","host":"127.0.0.1","port":6004,"areaId":4,"serverType":"area","pid":10548}}
[2019-07-23 14:44:24.667] [WARN] pomelo - [33m[E:\game\game-server\app\mysql\adb\accountDB.js] [39mpUid is 1
[2019-07-23 14:44:24.681] [DEBUG] pomelo - [36m[E:\game\game-server\app\mysql\adb\accountDB.js] [39merr is {}, results is undefined, fields is undefined
[2019-07-23 14:44:24.681] [ERROR] pomelo - [31m[E:\game\game-server\app\mysql\adb\accountDB.js] [39mError: ER_ACCESS_DENIED_ERROR: Access denied for user 'root'@'windows10.microdone.cn' (using password: NO)
[2019-07-23 14:44:58.127] [INFO] pomelo - [32m[E:\game\game-server\node_modules\pomelo\lib\application.js] [39mapplication inited: "auth-server"
[2019-07-23 14:44:59.592] [INFO] pomelo - [32m[E:\game\game-server\node_modules\pomelo\lib\application.js] [39m"auth-server" enter after start...
[2019-07-23 14:44:59.593] [INFO] pomelo - [32m[E:\game\game-server\node_modules\pomelo\lib\application.js] [39m"auth-server" finish start
[2019-07-23 14:44:59.593] [INFO] pomelo - [32m[E:\game\game-server\node_modules\pomelo\lib\application.js] [39m"auth-server" startup in 1035 ms
[2019-07-23 14:44:59.594] [DEBUG] pomelo - [36m[E:\game\game-server\node_modules\pomelo\lib\modules\monitorwatcher.js] [39m[auth-server] receive addServer signal: {"action":"addServer","server":{"main":"E:\\game\\game-server\\app.js","env":"development","id":"area-server-5","host":"127.0.0.1","port":6005,"areaId":5,"serverType":"area","pid":10084}}
[2019-07-23 14:44:59.595] [DEBUG] pomelo - [36m[E:\game\game-server\node_modules\pomelo\lib\modules\monitorwatcher.js] [39m[auth-server] receive addServer signal: {"action":"addServer","server":{"main":"E:\\game\\game-server\\app.js","env":"development","id":"connector-server-2","host":"127.0.0.1","port":4002,"clientHost":"127.0.0.1","clientPort":5002,"frontend":"true","serverType":"connector","pid":5236}}
[2019-07-23 14:44:59.762] [DEBUG] pomelo - [36m[E:\game\game-server\node_modules\pomelo\lib\modules\monitorwatcher.js] [39m[auth-server] receive addServer signal: {"action":"addServer","server":{"main":"E:\\game\\game-server\\app.js","env":"development","id":"area-server-2","host":"127.0.0.1","port":6002,"areaId":2,"serverType":"area","pid":11708}}
[2019-07-23 14:45:00.050] [DEBUG] pomelo - [36m[E:\game\game-server\node_modules\pomelo\lib\modules\monitorwatcher.js] [39m[auth-server] receive addServer signal: {"action":"addServer","server":{"main":"E:\\game\\game-server\\app.js","env":"development","id":"connector-server-5","host":"127.0.0.1","port":4005,"clientHost":"127.0.0.1","clientPort":5005,"frontend":"true","serverType":"connector","pid":4580}}
[2019-07-23 14:45:14.332] [WARN] pomelo - [33m[E:\game\game-server\app\mysql\adb\accountDB.js] [39mpUid is 1
[2019-07-23 14:45:14.343] [DEBUG] pomelo - [36m[E:\game\game-server\app\mysql\adb\accountDB.js] [39merr is {}, results is undefined, fields is undefined
[2019-07-23 14:45:14.343] [ERROR] pomelo - [31m[E:\game\game-server\app\mysql\adb\accountDB.js] [39mError: ER_ACCESS_DENIED_ERROR: Access denied for user 'root'@'localhost' (using password: NO)
[2019-07-23 14:45:50.342] [INFO] pomelo - [32m[E:\game\game-server\node_modules\pomelo\lib\application.js] [39mapplication inited: "auth-server"
[2019-07-23 14:45:51.809] [INFO] pomelo - [32m[E:\game\game-server\node_modules\pomelo\lib\application.js] [39m"auth-server" enter after start...
[2019-07-23 14:45:51.810] [INFO] pomelo - [32m[E:\game\game-server\node_modules\pomelo\lib\application.js] [39m"auth-server" finish start
[2019-07-23 14:45:51.810] [INFO] pomelo - [32m[E:\game\game-server\node_modules\pomelo\lib\application.js] [39m"auth-server" startup in 968 ms
[2019-07-23 14:45:51.984] [DEBUG] pomelo - [36m[E:\game\game-server\node_modules\pomelo\lib\modules\monitorwatcher.js] [39m[auth-server] receive addServer signal: {"action":"addServer","server":{"main":"E:\\game\\game-server\\app.js","env":"development","id":"area-server-5","host":"127.0.0.1","port":6005,"areaId":5,"serverType":"area","pid":11660}}
[2019-07-23 14:45:52.028] [DEBUG] pomelo - [36m[E:\game\game-server\node_modules\pomelo\lib\modules\monitorwatcher.js] [39m[auth-server] receive addServer signal: {"action":"addServer","server":{"main":"E:\\game\\game-server\\app.js","env":"development","id":"area-server-1","host":"127.0.0.1","port":6001,"areaId":1,"serverType":"area","pid":11368}}
[2019-07-23 14:45:52.079] [DEBUG] pomelo - [36m[E:\game\game-server\node_modules\pomelo\lib\modules\monitorwatcher.js] [39m[auth-server] receive addServer signal: {"action":"addServer","server":{"main":"E:\\game\\game-server\\app.js","env":"development","id":"area-server-2","host":"127.0.0.1","port":6002,"areaId":2,"serverType":"area","pid":10100}}
[2019-07-23 14:46:09.146] [WARN] pomelo - [33m[E:\game\game-server\app\mysql\adb\accountDB.js] [39mpUid is 1
[2019-07-23 14:46:09.195] [DEBUG] pomelo - [36m[E:\game\game-server\app\mysql\adb\accountDB.js] [39merr is {}, results is undefined, fields is undefined
[2019-07-23 14:46:09.195] [ERROR] pomelo - [31m[E:\game\game-server\app\mysql\adb\accountDB.js] [39mError: ER_DUP_ENTRY: Duplicate entry '1' for key 'idx_pUid'
[2019-07-23 14:46:23.102] [WARN] pomelo - [33m[E:\game\game-server\app\mysql\adb\accountDB.js] [39mpUid is 2
[2019-07-23 14:46:23.143] [DEBUG] pomelo - [36m[E:\game\game-server\app\mysql\adb\accountDB.js] [39merr is null, results is OkPacket {
  fieldCount: 0,
  affectedRows: 1,
  insertId: 100002,
  serverStatus: 2,
  warningCount: 0,
  message: '',
  protocol41: true,
  changedRows: 0 }, fields is undefined
[2019-07-23 14:47:08.375] [WARN] pomelo - [33m[E:\game\game-server\app\mysql\adb\accountDB.js] [39mpUid is 3
[2019-07-23 14:47:08.417] [DEBUG] pomelo - [36m[E:\game\game-server\app\mysql\adb\accountDB.js] [39merr is null, results is OkPacket {
  fieldCount: 0,
  affectedRows: 1,
  insertId: 100003,
  serverStatus: 2,
  warningCount: 0,
  message: '',
  protocol41: true,
  changedRows: 0 }, fields is undefined
[2019-07-23 14:48:43.273] [DEBUG] pomelo - [36m[E:\game\game-server\app\mysql\adb\accountDB.js] [39merr is %j, results is %o, fields is %o
[2019-07-23 14:48:55.720] [DEBUG] pomelo - [36m[E:\game\game-server\app\mysql\adb\accountDB.js] [39merr is null, results is [ RowDataPacket { pUid: '3', uid: 100003 }, [length]: 1 ], fields is [ FieldPacket {
    catalog: 'def',
    db: 'adb',
    table: 'account',
    orgTable: 'account',
    name: 'pUid',
    orgName: 'pUid',
    charsetNr: 33,
    length: 96,
    type: 253,
    flags: 20485,
    decimals: 0,
    default: undefined,
    zeroFill: false,
    protocol41: true },
  FieldPacket {
    catalog: 'def',
    db: 'adb',
    table: 'account',
    orgTable: 'account',
    name: 'uid',
    orgName: 'uid',
    charsetNr: 63,
    length: 20,
    type: 8,
    flags: 16931,
    decimals: 0,
    default: undefined,
    zeroFill: false,
    protocol41: true },
  [length]: 2 ]
[2019-07-23 14:49:38.250] [DEBUG] pomelo - [36m[E:\game\game-server\app\mysql\adb\accountDB.js] [39merr is null, results is [ RowDataPacket { pUid: '1', uid: 100000 }, [length]: 1 ], fields is [ FieldPacket {
    catalog: 'def',
    db: 'adb',
    table: 'account',
    orgTable: 'account',
    name: 'pUid',
    orgName: 'pUid',
    charsetNr: 33,
    length: 96,
    type: 253,
    flags: 20485,
    decimals: 0,
    default: undefined,
    zeroFill: false,
    protocol41: true },
  FieldPacket {
    catalog: 'def',
    db: 'adb',
    table: 'account',
    orgTable: 'account',
    name: 'uid',
    orgName: 'uid',
    charsetNr: 63,
    length: 20,
    type: 8,
    flags: 16931,
    decimals: 0,
    default: undefined,
    zeroFill: false,
    protocol41: true },
  [length]: 2 ]
[2019-07-23 14:49:47.302] [DEBUG] pomelo - [36m[E:\game\game-server\app\mysql\adb\accountDB.js] [39merr is null, results is [ RowDataPacket { pUid: '2', uid: 100002 }, [length]: 1 ], fields is [ FieldPacket {
    catalog: 'def',
    db: 'adb',
    table: 'account',
    orgTable: 'account',
    name: 'pUid',
    orgName: 'pUid',
    charsetNr: 33,
    length: 96,
    type: 253,
    flags: 20485,
    decimals: 0,
    default: undefined,
    zeroFill: false,
    protocol41: true },
  FieldPacket {
    catalog: 'def',
    db: 'adb',
    table: 'account',
    orgTable: 'account',
    name: 'uid',
    orgName: 'uid',
    charsetNr: 63,
    length: 20,
    type: 8,
    flags: 16931,
    decimals: 0,
    default: undefined,
    zeroFill: false,
    protocol41: true },
  [length]: 2 ]
[2019-07-23 14:49:52.180] [DEBUG] pomelo - [36m[E:\game\game-server\app\mysql\adb\accountDB.js] [39merr is null, results is [ [length]: 0 ], fields is [ FieldPacket {
    catalog: 'def',
    db: 'adb',
    table: 'account',
    orgTable: 'account',
    name: 'pUid',
    orgName: 'pUid',
    charsetNr: 33,
    length: 96,
    type: 253,
    flags: 20485,
    decimals: 0,
    default: undefined,
    zeroFill: false,
    protocol41: true },
  FieldPacket {
    catalog: 'def',
    db: 'adb',
    table: 'account',
    orgTable: 'account',
    name: 'uid',
    orgName: 'uid',
    charsetNr: 63,
    length: 20,
    type: 8,
    flags: 16931,
    decimals: 0,
    default: undefined,
    zeroFill: false,
    protocol41: true },
  [length]: 2 ]
[2019-07-23 14:50:51.508] [DEBUG] pomelo - [36m[E:\game\game-server\app\mysql\adb\accountDB.js] [39merr is null, results is OkPacket {
  fieldCount: 0,
  affectedRows: 1,
  insertId: 100004,
  serverStatus: 2,
  warningCount: 0,
  message: '',
  protocol41: true,
  changedRows: 0 }, fields is undefined
[2019-07-23 14:52:48.377] [DEBUG] pomelo - [36m[E:\game\game-server\app\mysql\adb\accountDB.js] [39mret is { pUid: 6, uid: 100005 }
[2019-07-23 15:45:44.636] [INFO] pomelo - [32m[E:\game\game-server\node_modules\pomelo\lib\application.js] [39mapplication inited: "auth-server"
[2019-07-23 15:45:45.292] [INFO] pomelo - [32m[E:\game\game-server\node_modules\pomelo\lib\application.js] [39m"auth-server" enter after start...
[2019-07-23 15:45:45.293] [INFO] pomelo - [32m[E:\game\game-server\node_modules\pomelo\lib\application.js] [39m"auth-server" finish start
[2019-07-23 15:45:45.293] [INFO] pomelo - [32m[E:\game\game-server\node_modules\pomelo\lib\application.js] [39m"auth-server" startup in 378 ms
[2019-07-23 15:47:51.192] [INFO] pomelo - [32m[E:\game\game-server\node_modules\pomelo\lib\application.js] [39mapplication inited: "auth-server"
[2019-07-23 15:47:51.883] [INFO] pomelo - [32m[E:\game\game-server\node_modules\pomelo\lib\application.js] [39m"auth-server" enter after start...
[2019-07-23 15:47:51.885] [INFO] pomelo - [32m[E:\game\game-server\node_modules\pomelo\lib\application.js] [39m"auth-server" finish start
[2019-07-23 15:47:51.885] [INFO] pomelo - [32m[E:\game\game-server\node_modules\pomelo\lib\application.js] [39m"auth-server" startup in 356 ms
[2019-07-23 15:47:51.929] [DEBUG] pomelo - [36m[E:\game\game-server\node_modules\pomelo\lib\modules\monitorwatcher.js] [39m[auth-server] receive addServer signal: {"action":"addServer","server":{"main":"E:\\game\\game-server\\app.js","env":"development","id":"area-server-4","host":"127.0.0.1","port":6004,"areaId":4,"serverType":"area","pid":11524}}
[2019-07-23 15:47:51.962] [DEBUG] pomelo - [36m[E:\game\game-server\node_modules\pomelo\lib\modules\monitorwatcher.js] [39m[auth-server] receive addServer signal: {"action":"addServer","server":{"main":"E:\\game\\game-server\\app.js","env":"development","id":"area-server-2","host":"127.0.0.1","port":6002,"areaId":2,"serverType":"area","pid":10440}}
[2019-07-23 15:48:27.753] [INFO] pomelo - [32m[E:\game\game-server\node_modules\pomelo\lib\application.js] [39mapplication inited: "auth-server"
[2019-07-23 15:48:29.335] [INFO] pomelo - [32m[E:\game\game-server\node_modules\pomelo\lib\application.js] [39m"auth-server" enter after start...
[2019-07-23 15:48:29.336] [INFO] pomelo - [32m[E:\game\game-server\node_modules\pomelo\lib\application.js] [39m"auth-server" finish start
[2019-07-23 15:48:29.336] [INFO] pomelo - [32m[E:\game\game-server\node_modules\pomelo\lib\application.js] [39m"auth-server" startup in 981 ms
[2019-07-23 15:48:29.371] [DEBUG] pomelo - [36m[E:\game\game-server\node_modules\pomelo\lib\modules\monitorwatcher.js] [39m[auth-server] receive addServer signal: {"action":"addServer","server":{"main":"E:\\game\\game-server\\app.js","env":"development","id":"connector-server-3","host":"127.0.0.1","port":4003,"clientHost":"127.0.0.1","clientPort":5003,"frontend":"true","serverType":"connector","pid":5180}}
[2019-07-23 15:48:38.622] [DEBUG] pomelo - [36m[E:\game\game-server\app\mysql\adb\accountDB.js] [39merr is null, results is [ [length]: 0 ], fields is [ FieldPacket {
    catalog: 'def',
    db: 'adb',
    table: 'account',
    orgTable: 'account',
    name: 'pUid',
    orgName: 'pUid',
    charsetNr: 33,
    length: 96,
    type: 253,
    flags: 20485,
    decimals: 0,
    default: undefined,
    zeroFill: false,
    protocol41: true },
  FieldPacket {
    catalog: 'def',
    db: 'adb',
    table: 'account',
    orgTable: 'account',
    name: 'uid',
    orgName: 'uid',
    charsetNr: 63,
    length: 20,
    type: 8,
    flags: 16931,
    decimals: 0,
    default: undefined,
    zeroFill: false,
    protocol41: true },
  [length]: 2 ]
[2019-07-23 15:48:38.667] [DEBUG] pomelo - [36m[E:\game\game-server\app\mysql\adb\accountDB.js] [39mret is { pUid: { pUid: '4' }, uid: 100006 }
[2019-07-23 15:49:43.805] [INFO] pomelo - [32m[E:\game\game-server\node_modules\pomelo\lib\application.js] [39mapplication inited: "auth-server"
[2019-07-23 15:49:45.218] [INFO] pomelo - [32m[E:\game\game-server\node_modules\pomelo\lib\application.js] [39m"auth-server" enter after start...
[2019-07-23 15:49:45.218] [INFO] pomelo - [32m[E:\game\game-server\node_modules\pomelo\lib\application.js] [39m"auth-server" finish start
[2019-07-23 15:49:45.219] [INFO] pomelo - [32m[E:\game\game-server\node_modules\pomelo\lib\application.js] [39m"auth-server" startup in 827 ms
[2019-07-23 15:49:45.377] [DEBUG] pomelo - [36m[E:\game\game-server\node_modules\pomelo\lib\modules\monitorwatcher.js] [39m[auth-server] receive addServer signal: {"action":"addServer","server":{"main":"E:\\game\\game-server\\app.js","env":"development","id":"connector-server-5","host":"127.0.0.1","port":4005,"clientHost":"127.0.0.1","clientPort":5005,"frontend":"true","serverType":"connector","pid":12992}}
[2019-07-23 15:49:52.919] [DEBUG] pomelo - [36m[E:\game\game-server\app\mysql\adb\accountDB.js] [39merr is null, results is [ [length]: 0 ], fields is [ FieldPacket {
    catalog: 'def',
    db: 'adb',
    table: 'account',
    orgTable: 'account',
    name: 'pUid',
    orgName: 'pUid',
    charsetNr: 33,
    length: 96,
    type: 253,
    flags: 20485,
    decimals: 0,
    default: undefined,
    zeroFill: false,
    protocol41: true },
  FieldPacket {
    catalog: 'def',
    db: 'adb',
    table: 'account',
    orgTable: 'account',
    name: 'uid',
    orgName: 'uid',
    charsetNr: 63,
    length: 20,
    type: 8,
    flags: 16931,
    decimals: 0,
    default: undefined,
    zeroFill: false,
    protocol41: true },
  [length]: 2 ]
[2019-07-23 15:49:52.964] [ERROR] pomelo - [31m[E:\game\game-server\app\mysql\adb\accountDB.js] [39mError: ER_DUP_ENTRY: Duplicate entry '0' for key 'idx_pUid'
[2019-07-23 15:50:14.163] [DEBUG] pomelo - [36m[E:\game\game-server\app\mysql\adb\accountDB.js] [39merr is null, results is [ [length]: 0 ], fields is [ FieldPacket {
    catalog: 'def',
    db: 'adb',
    table: 'account',
    orgTable: 'account',
    name: 'pUid',
    orgName: 'pUid',
    charsetNr: 33,
    length: 96,
    type: 253,
    flags: 20485,
    decimals: 0,
    default: undefined,
    zeroFill: false,
    protocol41: true },
  FieldPacket {
    catalog: 'def',
    db: 'adb',
    table: 'account',
    orgTable: 'account',
    name: 'uid',
    orgName: 'uid',
    charsetNr: 63,
    length: 20,
    type: 8,
    flags: 16931,
    decimals: 0,
    default: undefined,
    zeroFill: false,
    protocol41: true },
  [length]: 2 ]
[2019-07-23 15:50:14.221] [ERROR] pomelo - [31m[E:\game\game-server\app\mysql\adb\accountDB.js] [39mError: ER_DUP_ENTRY: Duplicate entry '0' for key 'idx_pUid'
[2019-07-23 15:50:22.829] [DEBUG] pomelo - [36m[E:\game\game-server\app\mysql\adb\accountDB.js] [39merr is null, results is [ [length]: 0 ], fields is [ FieldPacket {
    catalog: 'def',
    db: 'adb',
    table: 'account',
    orgTable: 'account',
    name: 'pUid',
    orgName: 'pUid',
    charsetNr: 33,
    length: 96,
    type: 253,
    flags: 20485,
    decimals: 0,
    default: undefined,
    zeroFill: false,
    protocol41: true },
  FieldPacket {
    catalog: 'def',
    db: 'adb',
    table: 'account',
    orgTable: 'account',
    name: 'uid',
    orgName: 'uid',
    charsetNr: 63,
    length: 20,
    type: 8,
    flags: 16931,
    decimals: 0,
    default: undefined,
    zeroFill: false,
    protocol41: true },
  [length]: 2 ]
[2019-07-23 15:50:22.888] [ERROR] pomelo - [31m[E:\game\game-server\app\mysql\adb\accountDB.js] [39mError: ER_DUP_ENTRY: Duplicate entry '0' for key 'idx_pUid'
[2019-07-23 15:52:00.951] [DEBUG] pomelo - [36m[E:\game\game-server\app\mysql\adb\accountDB.js] [39merr is null, results is [ [length]: 0 ], fields is [ FieldPacket {
    catalog: 'def',
    db: 'adb',
    table: 'account',
    orgTable: 'account',
    name: 'pUid',
    orgName: 'pUid',
    charsetNr: 33,
    length: 96,
    type: 253,
    flags: 20485,
    decimals: 0,
    default: undefined,
    zeroFill: false,
    protocol41: true },
  FieldPacket {
    catalog: 'def',
    db: 'adb',
    table: 'account',
    orgTable: 'account',
    name: 'uid',
    orgName: 'uid',
    charsetNr: 63,
    length: 20,
    type: 8,
    flags: 16931,
    decimals: 0,
    default: undefined,
    zeroFill: false,
    protocol41: true },
  [length]: 2 ]
[2019-07-23 15:52:00.992] [ERROR] pomelo - [31m[E:\game\game-server\app\mysql\adb\accountDB.js] [39mError: ER_DUP_ENTRY: Duplicate entry '0' for key 'idx_pUid'
[2019-07-23 15:52:36.040] [DEBUG] pomelo - [36m[E:\game\game-server\app\mysql\adb\accountDB.js] [39merr is null, results is [ [length]: 0 ], fields is [ FieldPacket {
    catalog: 'def',
    db: 'adb',
    table: 'account',
    orgTable: 'account',
    name: 'pUid',
    orgName: 'pUid',
    charsetNr: 33,
    length: 96,
    type: 253,
    flags: 20485,
    decimals: 0,
    default: undefined,
    zeroFill: false,
    protocol41: true },
  FieldPacket {
    catalog: 'def',
    db: 'adb',
    table: 'account',
    orgTable: 'account',
    name: 'uid',
    orgName: 'uid',
    charsetNr: 63,
    length: 20,
    type: 8,
    flags: 16931,
    decimals: 0,
    default: undefined,
    zeroFill: false,
    protocol41: true },
  [length]: 2 ]
[2019-07-23 15:52:36.082] [ERROR] pomelo - [31m[E:\game\game-server\app\mysql\adb\accountDB.js] [39mError: ER_DUP_ENTRY: Duplicate entry '0' for key 'idx_pUid'
[2019-07-23 15:53:29.993] [INFO] pomelo - [32m[E:\game\game-server\node_modules\pomelo\lib\application.js] [39mapplication inited: "auth-server"
[2019-07-23 15:53:30.987] [INFO] pomelo - [32m[E:\game\game-server\node_modules\pomelo\lib\application.js] [39m"auth-server" enter after start...
[2019-07-23 15:53:30.988] [INFO] pomelo - [32m[E:\game\game-server\node_modules\pomelo\lib\application.js] [39m"auth-server" finish start
[2019-07-23 15:53:30.988] [INFO] pomelo - [32m[E:\game\game-server\node_modules\pomelo\lib\application.js] [39m"auth-server" startup in 456 ms
[2019-07-23 15:53:33.605] [DEBUG] pomelo - [36m[E:\game\game-server\app\mysql\adb\accountDB.js] [39merr is null, results is [ [length]: 0 ], fields is [ FieldPacket {
    catalog: 'def',
    db: 'adb',
    table: 'account',
    orgTable: 'account',
    name: 'pUid',
    orgName: 'pUid',
    charsetNr: 33,
    length: 96,
    type: 253,
    flags: 20485,
    decimals: 0,
    default: undefined,
    zeroFill: false,
    protocol41: true },
  FieldPacket {
    catalog: 'def',
    db: 'adb',
    table: 'account',
    orgTable: 'account',
    name: 'uid',
    orgName: 'uid',
    charsetNr: 63,
    length: 20,
    type: 8,
    flags: 16931,
    decimals: 0,
    default: undefined,
    zeroFill: false,
    protocol41: true },
  [length]: 2 ]
[2019-07-23 15:53:33.646] [ERROR] pomelo - [31m[E:\game\game-server\app\mysql\adb\accountDB.js] [39mError: ER_DUP_ENTRY: Duplicate entry '0' for key 'idx_pUid'
[2019-07-23 15:54:45.636] [INFO] pomelo - [32m[E:\game\game-server\node_modules\pomelo\lib\application.js] [39mapplication inited: "auth-server"
[2019-07-23 15:54:46.785] [INFO] pomelo - [32m[E:\game\game-server\node_modules\pomelo\lib\application.js] [39m"auth-server" enter after start...
[2019-07-23 15:54:46.786] [INFO] pomelo - [32m[E:\game\game-server\node_modules\pomelo\lib\application.js] [39m"auth-server" finish start
[2019-07-23 15:54:46.786] [INFO] pomelo - [32m[E:\game\game-server\node_modules\pomelo\lib\application.js] [39m"auth-server" startup in 550 ms
[2019-07-23 15:54:46.811] [DEBUG] pomelo - [36m[E:\game\game-server\node_modules\pomelo\lib\modules\monitorwatcher.js] [39m[auth-server] receive addServer signal: {"action":"addServer","server":{"main":"E:\\game\\game-server\\app.js","env":"development","id":"area-server-5","host":"127.0.0.1","port":6005,"areaId":5,"serverType":"area","pid":3736}}
[2019-07-23 15:54:48.956] [DEBUG] pomelo - [36m[E:\game\game-server\app\mysql\adb\accountDB.js] [39merr is null, results is [ RowDataPacket { pUid: '3', uid: 100003 }, [length]: 1 ], fields is [ FieldPacket {
    catalog: 'def',
    db: 'adb',
    table: 'account',
    orgTable: 'account',
    name: 'pUid',
    orgName: 'pUid',
    charsetNr: 33,
    length: 96,
    type: 253,
    flags: 20485,
    decimals: 0,
    default: undefined,
    zeroFill: false,
    protocol41: true },
  FieldPacket {
    catalog: 'def',
    db: 'adb',
    table: 'account',
    orgTable: 'account',
    name: 'uid',
    orgName: 'uid',
    charsetNr: 63,
    length: 20,
    type: 8,
    flags: 16931,
    decimals: 0,
    default: undefined,
    zeroFill: false,
    protocol41: true },
  [length]: 2 ]
